Operation: table access
Options: FULL
Object_type: TABLE
Other: 
Object_owner: JLOWE
Search_columns: 
Projection: NATION.N_NATIONKEY^NATION.N_REGIONKEY^NATION.N_NAME^NATION.N_COMMENT
Object_name: NATION
Alias: NATION@SEL$1
Extended_information: 
Access_predicates: 
Filter_predicates: 
Select_level: SEL$1
--------------------
Operation: count
Options: STOPKEY
Object_type: 
Other: 
Object_owner: 
Search_columns: 
Projection: NATION.N_NATIONKEY^NATION.N_REGIONKEY^NATION.N_NAME^NATION.N_COMMENT
Object_name: 
Alias: 
Extended_information:    FP:ROWNUM<10
Access_predicates: 
Filter_predicates: ROWNUM<10
Select_level: SEL$1
--------------------
Operation: select statement
Options: 
Object_type: 
Other: 
Object_owner: 
Search_columns: 
Projection: 
Object_name: 
Alias: 
Extended_information: 
Access_predicates: 
Filter_predicates: 
Select_level: 
--------------------
TOKEN: <ROWNUM<10>
