Operation: table access
Options: FULL
Object_type: TABLE
Other: 
Object_owner: CALUSER01
Search_columns: 
Projection: N_NAME
Object_name: NATION
Alias: NATION@SEL$1
Extended_information: 
Access_predicates: 
Filter_predicates: 
Select_level: SEL$1
--------------------
Operation: sort
Options: ORDER BY
Object_type: 
Other: 
Object_owner: 
Search_columns: 
Projection:  N_NAME
Object_name: 
Alias: 
Extended_information: 
Access_predicates: 
Filter_predicates: 
Select_level: SEL$1
--------------------
Operation: select statement
Options: 
Object_type: 
Other: 
Object_owner: 
Search_columns: 
Projection: 
Object_name: 
Alias: 
Extended_information: 
Access_predicates: 
Filter_predicates: 
Select_level: 
--------------------
N_NAME: SimpleColumn tpch.NATION.N_NAME
  s/t/c/T/A/RA: tpch/NATION/N_NAME/5/NATION/0

>SELECT MAIN
>>Returned Columns
SimpleColumn tpch.NATION.N_NAME
  s/t/c/T/A/RA: tpch/NATION/N_NAME/5/NATION/0

>>Filters
empty filter tree
>>Group By Columns
SimpleColumn tpch.NATION.N_NAME
  s/t/c/T/A/RA: tpch/NATION/N_NAME/5/NATION/0

SessionID: 397
TxnID: 117
VerID: 117
--- Column Map ---
N_NAME : 0x96f5c90

