Operation: table access
Options: FULL
Object_type: TABLE
Other: 
Object_owner: CALUSER01
Search_columns: 
Projection: N_NAME
Object_name: NATION
Alias: NATION@SEL$1
Extended_information: 
Access_predicates: 
Filter_predicates: 
Select_level: SEL$1
--------------------
Operation: count
Options: STOPKEY
Object_type: 
Other: 
Object_owner: 
Search_columns: 
Projection: N_NAME
Object_name: 
Alias: 
Extended_information:    FP:ROWNUM<3
Access_predicates: 
Filter_predicates: ROWNUM<3
Select_level: 
--------------------
Operation: sort
Options: ORDER BY
Object_type: 
Other: 
Object_owner: 
Search_columns: 
Projection:  N_NAME
Object_name: 
Alias: 
Extended_information: 
Access_predicates: 
Filter_predicates: 
Select_level: SEL$1
--------------------
Operation: select statement
Options: 
Object_type: 
Other: 
Object_owner: 
Search_columns: 
Projection: 
Object_name: 
Alias: 
Extended_information: 
Access_predicates: 
Filter_predicates: 
Select_level: 
--------------------
TOKEN: <ROWNUM<3>
